<?xml version="1.0" encoding="UTF-8"?>
<!-- Generated by org.testng.reporters.JUnitXMLReporter -->
<testsuite ignored="0" hostname="Lenovo-PC" failures="0" tests="5" name="Test" time="12.366" errors="0" timestamp="02 Jan 2018 05:49:24 GMT">
  <testcase classname="news360.news360" name="launchBrowser" time="5.761"/>
  <testcase classname="news360.news360" name="signUp" time="0.004"/>
  <testcase classname="news360.news360" name="doLogin" time="4.838"/>
  <testcase classname="news360.news360" name="verifyLogin" time="0.018"/>
  <testcase classname="news360.news360" name="doLogout" time="1.608"/>
</testsuite> <!-- Test -->
