<?xml version="1.0" encoding="UTF-8"?>
<testng-results ignored="0" total="1" passed="1" failed="0" skipped="0">
  <reporter-output>
  </reporter-output>
  <suite started-at="2017-12-24T21:18:35Z" name="news360.LoginTest" finished-at="2017-12-24T21:18:48Z" duration-ms="12433">
    <groups>
    </groups>
    <test started-at="2017-12-24T21:18:35Z" name="Command line test" finished-at="2017-12-24T21:18:48Z" duration-ms="12433">
      <class name="news360.LoginTest">
        <test-method signature="TestCase1()[pri:0, instance:news360.LoginTest@7a8fa663]" started-at="2017-12-24T13:18:36Z" name="TestCase1" finished-at="2017-12-24T13:18:48Z" duration-ms="12403" status="PASS">
          <reporter-output>
          </reporter-output>
        </test-method> <!-- TestCase1 -->
      </class> <!-- news360.LoginTest -->
    </test> <!-- Command line test -->
  </suite> <!-- news360.LoginTest -->
</testng-results>
